0 info it worked if it ends with ok
1 verbose cli [ '/usr/local/bin/node', '/usr/local/bin/npm', 'install' ]
2 info using npm@3.10.9
3 info using node@v6.9.2
4 silly loadCurrentTree Starting
5 silly install loadCurrentTree
6 silly install readLocalPackageData
7 silly install normalizeTree
8 silly loadCurrentTree Finishing
9 silly loadIdealTree Starting
10 silly install loadIdealTree
11 silly cloneCurrentTree Starting
12 silly install cloneCurrentTreeToIdealTree
13 silly cloneCurrentTree Finishing
14 silly loadShrinkwrap Starting
15 silly install loadShrinkwrap
16 silly loadShrinkwrap Finishing
17 silly loadAllDepsIntoIdealTree Starting
18 silly install loadAllDepsIntoIdealTree
19 silly fetchNamedPackageData cookie-parser
20 silly mapToRegistry name cookie-parser
21 silly mapToRegistry using default registry
22 silly mapToRegistry registry https://registry.npmjs.org/
23 silly mapToRegistry data Result {
23 silly mapToRegistry   raw: 'cookie-parser',
23 silly mapToRegistry   scope: null,
23 silly mapToRegistry   escapedName: 'cookie-parser',
23 silly mapToRegistry   name: 'cookie-parser',
23 silly mapToRegistry   rawSpec: '',
23 silly mapToRegistry   spec: 'latest',
23 silly mapToRegistry   type: 'tag' }
24 silly mapToRegistry uri https://registry.npmjs.org/cookie-parser
25 silly fetchOtherPackageData svift-queue@git+ssh://git@bitbucket.org/svift/queue-module.git
26 silly cache add args [ 'svift-queue@git+ssh://git@bitbucket.org/svift/queue-module.git',
26 silly cache add   null ]
27 verbose cache add spec svift-queue@git+ssh://git@bitbucket.org/svift/queue-module.git
28 silly cache add parsed spec Result {
28 silly cache add   raw: 'svift-queue@git+ssh://git@bitbucket.org/svift/queue-module.git',
28 silly cache add   scope: null,
28 silly cache add   escapedName: 'svift-queue',
28 silly cache add   name: 'svift-queue',
28 silly cache add   rawSpec: 'git+ssh://git@bitbucket.org/svift/queue-module.git',
28 silly cache add   spec: 'git+ssh://git@bitbucket.org/svift/queue-module.git',
28 silly cache add   type: 'hosted',
28 silly cache add   hosted:
28 silly cache add    { type: 'bitbucket',
28 silly cache add      ssh: 'git@bitbucket.org:svift/queue-module.git',
28 silly cache add      sshUrl: 'git+ssh://git@bitbucket.org/svift/queue-module.git',
28 silly cache add      httpsUrl: 'git+https://bitbucket.org/svift/queue-module.git',
28 silly cache add      gitUrl: undefined,
28 silly cache add      shortcut: 'bitbucket:svift/queue-module',
28 silly cache add      directUrl: 'https://bitbucket.org/svift/queue-module/raw/master/package.json' } }
29 verbose addRemoteGit caching git+ssh://git@bitbucket.org/svift/queue-module.git
30 verbose addRemoteGit git+ssh://git@bitbucket.org/svift/queue-module.git is a repository hosted by bitbucket
31 silly tryClone cloning git+ssh://git@bitbucket.org/svift/queue-module.git via git+ssh://git@bitbucket.org/svift/queue-module.git
32 verbose tryClone git-ssh-git-bitbucket-org-svift-queue-module-git-4f04a99e not in flight; caching
33 verbose correctMkdir /Users/sebastianmeier/.npm/_git-remotes correctMkdir not in flight; initializing
34 verbose request uri https://registry.npmjs.org/cookie-parser
35 verbose request no auth needed
36 info attempt registry request try #1 at 17:48:02
37 verbose request id 4659345871cd66b5
38 verbose etag W/"59532f92-6a87"
39 verbose lastModified Wed, 28 Jun 2017 04:24:50 GMT
40 http request GET https://registry.npmjs.org/cookie-parser
41 info git [ 'clone',
41 info git   '--template=/Users/sebastianmeier/.npm/_git-remotes/_templates',
41 info git   '--mirror',
41 info git   'ssh://git@bitbucket.org/svift/queue-module.git',
41 info git   '/Users/sebastianmeier/.npm/_git-remotes/git-ssh-git-bitbucket-org-svift-queue-module-git-4f04a99e' ]
42 http 200 https://registry.npmjs.org/cookie-parser
43 verbose headers { server: 'nginx/1.10.1',
43 verbose headers   'content-type': 'application/json',
43 verbose headers   'last-modified': 'Sat, 29 Jul 2017 08:40:53 GMT',
43 verbose headers   etag: 'W/"597c4a15-6ab1"',
43 verbose headers   'content-encoding': 'gzip',
43 verbose headers   'cache-control': 'max-age=300',
43 verbose headers   'content-length': '4903',
43 verbose headers   'accept-ranges': 'bytes',
43 verbose headers   date: 'Mon, 31 Jul 2017 15:48:02 GMT',
43 verbose headers   via: '1.1 varnish',
43 verbose headers   age: '280',
43 verbose headers   connection: 'keep-alive',
43 verbose headers   'x-served-by': 'cache-fra1226-FRA',
43 verbose headers   'x-cache': 'HIT',
43 verbose headers   'x-cache-hits': '2',
43 verbose headers   'x-timer': 'S1501516083.619016,VS0,VE0',
43 verbose headers   vary: 'Accept-Encoding, Accept' }
44 silly get cb [ 200,
44 silly get   { server: 'nginx/1.10.1',
44 silly get     'content-type': 'application/json',
44 silly get     'last-modified': 'Sat, 29 Jul 2017 08:40:53 GMT',
44 silly get     etag: 'W/"597c4a15-6ab1"',
44 silly get     'content-encoding': 'gzip',
44 silly get     'cache-control': 'max-age=300',
44 silly get     'content-length': '4903',
44 silly get     'accept-ranges': 'bytes',
44 silly get     date: 'Mon, 31 Jul 2017 15:48:02 GMT',
44 silly get     via: '1.1 varnish',
44 silly get     age: '280',
44 silly get     connection: 'keep-alive',
44 silly get     'x-served-by': 'cache-fra1226-FRA',
44 silly get     'x-cache': 'HIT',
44 silly get     'x-cache-hits': '2',
44 silly get     'x-timer': 'S1501516083.619016,VS0,VE0',
44 silly get     vary: 'Accept-Encoding, Accept' } ]
45 verbose get saving cookie-parser to /Users/sebastianmeier/.npm/registry.npmjs.org/cookie-parser/.cache.json
46 verbose correctMkdir /Users/sebastianmeier/.npm correctMkdir not in flight; initializing
47 silly resolveWithNewModule cookie-parser@1.4.3 checking installable status
48 silly cache add args [ 'cookie-parser@^1.4.3', null ]
49 verbose cache add spec cookie-parser@^1.4.3
50 silly cache add parsed spec Result {
50 silly cache add   raw: 'cookie-parser@^1.4.3',
50 silly cache add   scope: null,
50 silly cache add   escapedName: 'cookie-parser',
50 silly cache add   name: 'cookie-parser',
50 silly cache add   rawSpec: '^1.4.3',
50 silly cache add   spec: '>=1.4.3 <2.0.0',
50 silly cache add   type: 'range' }
51 silly addNamed cookie-parser@>=1.4.3 <2.0.0
52 verbose addNamed ">=1.4.3 <2.0.0" is a valid semver range for cookie-parser
53 silly addNameRange { name: 'cookie-parser',
53 silly addNameRange   range: '>=1.4.3 <2.0.0',
53 silly addNameRange   hasData: false }
54 silly mapToRegistry name cookie-parser
55 silly mapToRegistry using default registry
56 silly mapToRegistry registry https://registry.npmjs.org/
57 silly mapToRegistry data Result {
57 silly mapToRegistry   raw: 'cookie-parser',
57 silly mapToRegistry   scope: null,
57 silly mapToRegistry   escapedName: 'cookie-parser',
57 silly mapToRegistry   name: 'cookie-parser',
57 silly mapToRegistry   rawSpec: '',
57 silly mapToRegistry   spec: 'latest',
57 silly mapToRegistry   type: 'tag' }
58 silly mapToRegistry uri https://registry.npmjs.org/cookie-parser
59 verbose addNameRange registry:https://registry.npmjs.org/cookie-parser not in flight; fetching
60 verbose get https://registry.npmjs.org/cookie-parser not expired, no request
61 silly addNameRange number 2 { name: 'cookie-parser', range: '>=1.4.3 <2.0.0', hasData: true }
62 silly addNameRange versions [ 'cookie-parser',
62 silly addNameRange   [ '1.0.0',
62 silly addNameRange     '1.0.1',
62 silly addNameRange     '1.1.0',
62 silly addNameRange     '1.2.0',
62 silly addNameRange     '1.3.0',
62 silly addNameRange     '1.3.1',
62 silly addNameRange     '1.3.2',
62 silly addNameRange     '1.3.3',
62 silly addNameRange     '1.3.4',
62 silly addNameRange     '1.3.5',
62 silly addNameRange     '1.4.0',
62 silly addNameRange     '1.4.1',
62 silly addNameRange     '1.4.2',
62 silly addNameRange     '1.4.3' ] ]
63 silly addNamed cookie-parser@1.4.3
64 verbose addNamed "1.4.3" is a plain semver version for cookie-parser
65 silly cache afterAdd cookie-parser@1.4.3
66 verbose afterAdd /Users/sebastianmeier/.npm/cookie-parser/1.4.3/package/package.json not in flight; writing
67 verbose correctMkdir /Users/sebastianmeier/.npm correctMkdir not in flight; initializing
68 verbose afterAdd /Users/sebastianmeier/.npm/cookie-parser/1.4.3/package/package.json written
69 verbose mirrorRemote git+ssh://git@bitbucket.org/svift/queue-module.git git clone ssh://git@bitbucket.org/svift/queue-module.git
70 verbose correctMkdir /Users/sebastianmeier/.npm/_git-remotes correctMkdir not in flight; initializing
71 verbose setPermissions git+ssh://git@bitbucket.org/svift/queue-module.git set permissions on /Users/sebastianmeier/.npm/_git-remotes/git-ssh-git-bitbucket-org-svift-queue-module-git-4f04a99e
72 verbose resolveHead git+ssh://git@bitbucket.org/svift/queue-module.git original treeish: master
73 info git [ 'rev-list', '-n1', 'master' ]
74 error git rev-list -n1 master: fatal: ambiguous argument 'master': unknown revision or path not in the working tree.
74 error git rev-list -n1 master: Use '--' to separate paths from revisions, like this:
74 error git rev-list -n1 master: 'git <command> [<revision>...] -- [<file>...]'
75 silly fetchPackageMetaData Error: Command failed: git rev-list -n1 master
75 silly fetchPackageMetaData fatal: ambiguous argument 'master': unknown revision or path not in the working tree.
75 silly fetchPackageMetaData Use '--' to separate paths from revisions, like this:
75 silly fetchPackageMetaData 'git <command> [<revision>...] -- [<file>...]'
75 silly fetchPackageMetaData
75 silly fetchPackageMetaData     at ChildProcess.exithandler (child_process.js:206:12)
75 silly fetchPackageMetaData     at emitTwo (events.js:106:13)
75 silly fetchPackageMetaData     at ChildProcess.emit (events.js:191:7)
75 silly fetchPackageMetaData     at maybeClose (internal/child_process.js:877:16)
75 silly fetchPackageMetaData     at Process.ChildProcess._handle.onexit (internal/child_process.js:226:5)
75 silly fetchPackageMetaData  error for svift-queue@git+ssh://git@bitbucket.org/svift/queue-module.git { Error: Command failed: git rev-list -n1 master
75 silly fetchPackageMetaData fatal: ambiguous argument 'master': unknown revision or path not in the working tree.
75 silly fetchPackageMetaData Use '--' to separate paths from revisions, like this:
75 silly fetchPackageMetaData 'git <command> [<revision>...] -- [<file>...]'
75 silly fetchPackageMetaData
75 silly fetchPackageMetaData     at ChildProcess.exithandler (child_process.js:206:12)
75 silly fetchPackageMetaData     at emitTwo (events.js:106:13)
75 silly fetchPackageMetaData     at ChildProcess.emit (events.js:191:7)
75 silly fetchPackageMetaData     at maybeClose (internal/child_process.js:877:16)
75 silly fetchPackageMetaData     at Process.ChildProcess._handle.onexit (internal/child_process.js:226:5)
75 silly fetchPackageMetaData   killed: false,
75 silly fetchPackageMetaData   code: 128,
75 silly fetchPackageMetaData   signal: null,
75 silly fetchPackageMetaData   cmd: 'git rev-list -n1 master' }
76 silly rollbackFailedOptional Starting
77 silly rollbackFailedOptional Finishing
78 silly runTopLevelLifecycles Finishing
79 silly install printInstalled
80 verbose stack Error: Command failed: git rev-list -n1 master
80 verbose stack fatal: ambiguous argument 'master': unknown revision or path not in the working tree.
80 verbose stack Use '--' to separate paths from revisions, like this:
80 verbose stack 'git <command> [<revision>...] -- [<file>...]'
80 verbose stack
80 verbose stack     at ChildProcess.exithandler (child_process.js:206:12)
80 verbose stack     at emitTwo (events.js:106:13)
80 verbose stack     at ChildProcess.emit (events.js:191:7)
80 verbose stack     at maybeClose (internal/child_process.js:877:16)
80 verbose stack     at Process.ChildProcess._handle.onexit (internal/child_process.js:226:5)
81 verbose cwd /Users/sebastianmeier/Sites/SVIFT_backend@bitbucket
82 error Darwin 16.6.0
83 error argv "/usr/local/bin/node" "/usr/local/bin/npm" "install"
84 error node v6.9.2
85 error npm  v3.10.9
86 error code 128
87 error Command failed: git rev-list -n1 master
87 error fatal: ambiguous argument 'master': unknown revision or path not in the working tree.
87 error Use '--' to separate paths from revisions, like this:
87 error 'git <command> [<revision>...] -- [<file>...]'
88 error If you need help, you may report this error at:
88 error     <https://github.com/npm/npm/issues>
89 verbose exit [ 1, true ]
